<?xml version="1.0" encoding="UTF-8"?>
<testng-results ignored="0" total="3" passed="3" failed="0" skipped="0">
  <reporter-output>
  </reporter-output>
  <suite started-at="2023-01-02T16:04:19 IST" name="Suite" finished-at="2023-01-02T16:06:06 IST" duration-ms="107148">
    <groups>
    </groups>
    <test started-at="2023-01-02T16:04:19 IST" name="Test" finished-at="2023-01-02T16:06:06 IST" duration-ms="107148">
      <class name="testNGImplementation.CreateOrganizationTest">
        <test-method is-config="true" signature="classSetup()[pri:0, instance:testNGImplementation.CreateOrganizationTest@1b11171f]" started-at="2023-01-02T16:05:36 IST" name="classSetup" finished-at="2023-01-02T16:05:39 IST" duration-ms="2804" status="PASS">
          <reporter-output>
          </reporter-output>
        </test-method> <!-- classSetup -->
        <test-method is-config="true" signature="methodSetup()[pri:0, instance:testNGImplementation.CreateOrganizationTest@1b11171f]" started-at="2023-01-02T16:05:39 IST" name="methodSetup" finished-at="2023-01-02T16:05:44 IST" duration-ms="4448" status="PASS">
          <reporter-output>
          </reporter-output>
        </test-method> <!-- methodSetup -->
        <test-method signature="createOrganizationTest()[pri:0, instance:testNGImplementation.CreateOrganizationTest@1b11171f]" started-at="2023-01-02T16:05:44 IST" name="createOrganizationTest" finished-at="2023-01-02T16:06:03 IST" duration-ms="19014" status="PASS">
          <reporter-output>
          </reporter-output>
        </test-method> <!-- createOrganizationTest -->
        <test-method is-config="true" signature="methodTeardown()[pri:0, instance:testNGImplementation.CreateOrganizationTest@1b11171f]" started-at="2023-01-02T16:06:03 IST" name="methodTeardown" finished-at="2023-01-02T16:06:05 IST" duration-ms="2854" status="PASS">
          <reporter-output>
          </reporter-output>
        </test-method> <!-- methodTeardown -->
        <test-method is-config="true" signature="classTeardown()[pri:0, instance:testNGImplementation.CreateOrganizationTest@1b11171f]" started-at="2023-01-02T16:06:05 IST" name="classTeardown" finished-at="2023-01-02T16:06:06 IST" duration-ms="444" status="PASS">
          <reporter-output>
          </reporter-output>
        </test-method> <!-- classTeardown -->
      </class> <!-- testNGImplementation.CreateOrganizationTest -->
      <class name="testNGImplementation.CreateContactWithExistingOrganizationTest">
        <test-method is-config="true" signature="classSetup()[pri:0, instance:testNGImplementation.CreateContactWithExistingOrganizationTest@27f981c6]" started-at="2023-01-02T16:05:01 IST" name="classSetup" finished-at="2023-01-02T16:05:04 IST" duration-ms="3116" status="PASS">
          <reporter-output>
          </reporter-output>
        </test-method> <!-- classSetup -->
        <test-method is-config="true" signature="methodSetup()[pri:0, instance:testNGImplementation.CreateContactWithExistingOrganizationTest@27f981c6]" started-at="2023-01-02T16:05:04 IST" name="methodSetup" finished-at="2023-01-02T16:05:10 IST" duration-ms="5330" status="PASS">
          <reporter-output>
          </reporter-output>
        </test-method> <!-- methodSetup -->
        <test-method signature="createContactTest()[pri:0, instance:testNGImplementation.CreateContactWithExistingOrganizationTest@27f981c6]" started-at="2023-01-02T16:05:10 IST" name="createContactTest" finished-at="2023-01-02T16:05:33 IST" duration-ms="23624" status="PASS">
          <reporter-output>
          </reporter-output>
        </test-method> <!-- createContactTest -->
        <test-method is-config="true" signature="methodTeardown()[pri:0, instance:testNGImplementation.CreateContactWithExistingOrganizationTest@27f981c6]" started-at="2023-01-02T16:05:33 IST" name="methodTeardown" finished-at="2023-01-02T16:05:36 IST" duration-ms="2529" status="PASS">
          <reporter-output>
          </reporter-output>
        </test-method> <!-- methodTeardown -->
        <test-method is-config="true" signature="classTeardown()[pri:0, instance:testNGImplementation.CreateContactWithExistingOrganizationTest@27f981c6]" started-at="2023-01-02T16:05:36 IST" name="classTeardown" finished-at="2023-01-02T16:05:36 IST" duration-ms="439" status="PASS">
          <reporter-output>
          </reporter-output>
        </test-method> <!-- classTeardown -->
      </class> <!-- testNGImplementation.CreateContactWithExistingOrganizationTest -->
      <class name="testNGImplementation.CreateAndDuplicateLeadTest">
        <test-method is-config="true" signature="classSetup()[pri:0, instance:testNGImplementation.CreateAndDuplicateLeadTest@51e69659]" started-at="2023-01-02T16:04:19 IST" name="classSetup" finished-at="2023-01-02T16:04:24 IST" duration-ms="5627" status="PASS">
          <reporter-output>
          </reporter-output>
        </test-method> <!-- classSetup -->
        <test-method is-config="true" signature="methodSetup()[pri:0, instance:testNGImplementation.CreateAndDuplicateLeadTest@51e69659]" started-at="2023-01-02T16:04:24 IST" name="methodSetup" finished-at="2023-01-02T16:04:29 IST" duration-ms="4983" status="PASS">
          <reporter-output>
          </reporter-output>
        </test-method> <!-- methodSetup -->
        <test-method signature="createDuplicateLeadTest()[pri:0, instance:testNGImplementation.CreateAndDuplicateLeadTest@51e69659]" started-at="2023-01-02T16:04:29 IST" name="createDuplicateLeadTest" finished-at="2023-01-02T16:04:57 IST" duration-ms="27855" status="PASS">
          <reporter-output>
          </reporter-output>
        </test-method> <!-- createDuplicateLeadTest -->
        <test-method is-config="true" signature="methodTeardown()[pri:0, instance:testNGImplementation.CreateAndDuplicateLeadTest@51e69659]" started-at="2023-01-02T16:04:57 IST" name="methodTeardown" finished-at="2023-01-02T16:05:01 IST" duration-ms="3509" status="PASS">
          <reporter-output>
          </reporter-output>
        </test-method> <!-- methodTeardown -->
        <test-method is-config="true" signature="classTeardown()[pri:0, instance:testNGImplementation.CreateAndDuplicateLeadTest@51e69659]" started-at="2023-01-02T16:05:01 IST" name="classTeardown" finished-at="2023-01-02T16:05:01 IST" duration-ms="446" status="PASS">
          <reporter-output>
          </reporter-output>
        </test-method> <!-- classTeardown -->
      </class> <!-- testNGImplementation.CreateAndDuplicateLeadTest -->
    </test> <!-- Test -->
  </suite> <!-- Suite -->
</testng-results>
