<?xml version="1.0" encoding="UTF-8"?>
<testng-results ignored="0" total="1" passed="1" failed="0" skipped="0">
  <reporter-output>
  </reporter-output>
  <suite started-at="2023-01-12T14:42:04 IST" name="Default suite" finished-at="2023-01-12T14:42:46 IST" duration-ms="42181">
    <groups>
    </groups>
    <test started-at="2023-01-12T14:42:04 IST" name="Default test" finished-at="2023-01-12T14:42:46 IST" duration-ms="42181">
      <class name="testNGImplementation.CreateOrganizationTest">
        <test-method is-config="true" signature="classSetup()[pri:0, instance:testNGImplementation.CreateOrganizationTest@71a8adcf]" started-at="2023-01-12T14:42:04 IST" name="classSetup" finished-at="2023-01-12T14:42:12 IST" duration-ms="7949" status="PASS">
          <reporter-output>
          </reporter-output>
        </test-method> <!-- classSetup -->
        <test-method is-config="true" signature="methodSetup()[pri:0, instance:testNGImplementation.CreateOrganizationTest@71a8adcf]" started-at="2023-01-12T14:42:12 IST" name="methodSetup" finished-at="2023-01-12T14:42:19 IST" duration-ms="7278" status="PASS">
          <reporter-output>
          </reporter-output>
        </test-method> <!-- methodSetup -->
        <test-method signature="createOrganizationTest()[pri:0, instance:testNGImplementation.CreateOrganizationTest@71a8adcf]" started-at="2023-01-12T14:42:19 IST" name="createOrganizationTest" finished-at="2023-01-12T14:42:44 IST" duration-ms="24751" status="PASS">
          <reporter-output>
          </reporter-output>
        </test-method> <!-- createOrganizationTest -->
        <test-method is-config="true" signature="methodTeardown()[pri:0, instance:testNGImplementation.CreateOrganizationTest@71a8adcf]" started-at="2023-01-12T14:42:44 IST" name="methodTeardown" finished-at="2023-01-12T14:42:46 IST" duration-ms="1845" status="PASS">
          <reporter-output>
          </reporter-output>
        </test-method> <!-- methodTeardown -->
        <test-method is-config="true" signature="classTeardown()[pri:0, instance:testNGImplementation.CreateOrganizationTest@71a8adcf]" started-at="2023-01-12T14:42:46 IST" name="classTeardown" finished-at="2023-01-12T14:42:46 IST" duration-ms="312" status="PASS">
          <reporter-output>
          </reporter-output>
        </test-method> <!-- classTeardown -->
      </class> <!-- testNGImplementation.CreateOrganizationTest -->
    </test> <!-- Default test -->
  </suite> <!-- Default suite -->
</testng-results>
